  Boisson.cpp
  string_view is only available with C++17 or later.
c:\users\user\desktop\inf1010\tp5\boisson.h(19): error C2061: erreur de syntaxe : identificateur 'string_view'
c:\users\user\desktop\inf1010\tp5\boisson.h(22): error C3646: 'getNom' : spécificateur de substitution inconnu
c:\users\user\desktop\inf1010\tp5\boisson.h(22): error C2059: erreur de syntaxe : '('
c:\users\user\desktop\inf1010\tp5\boisson.h(22): error C2238: jetons inattendus avant ';'
c:\users\user\desktop\inf1010\tp5\boisson.cpp(10): error C2065: 'string_view' : identificateur non déclaré
c:\users\user\desktop\inf1010\tp5\boisson.cpp(10): error C2146: erreur de syntaxe : absence de ')' avant l'identificateur 'nom'
c:\users\user\desktop\inf1010\tp5\boisson.cpp(10): error C2065: 'nom' : identificateur non déclaré
c:\users\user\desktop\inf1010\tp5\boisson.cpp(10): error C4430: spécificateur de type manquant - int est pris en compte par défaut. Remarque : C++ ne prend pas en charge int par défaut
c:\users\user\desktop\inf1010\tp5\boisson.cpp(10): error C2065: 'prix' : identificateur non déclaré
c:\users\user\desktop\inf1010\tp5\boisson.cpp(11): error C2448: 'prix_' : l'initialiseur de style fonction semble être une définition de fonction
c:\users\user\desktop\inf1010\tp5\boisson.cpp(25): error C2039: 'getNom' : n'est pas membre de 'Boisson'
  c:\users\user\desktop\inf1010\tp5\boisson.h(16): note: voir la déclaration de 'Boisson'
c:\users\user\desktop\inf1010\tp5\boisson.cpp(25): error C4430: spécificateur de type manquant - int est pris en compte par défaut. Remarque : C++ ne prend pas en charge int par défaut
c:\users\user\desktop\inf1010\tp5\boisson.cpp(25): error C2146: erreur de syntaxe : absence de ';' avant l'identificateur 'getNom'
c:\users\user\desktop\inf1010\tp5\boisson.cpp(26): error C2143: erreur de syntaxe : absence de ';' avant '{'
c:\users\user\desktop\inf1010\tp5\boisson.cpp(26): error C2447: '{' : en-tête de fonction manquant (liste formelle à l'ancien format ?)
  Client.cpp
  string_view is only available with C++17 or later.
c:\users\user\desktop\inf1010\tp5\lecturefichierensections.h(18): error C2061: erreur de syntaxe : identificateur 'string_view'
c:\users\user\desktop\inf1010\tp5\def.h(6): error C4430: spécificateur de type manquant - int est pris en compte par défaut. Remarque : C++ ne prend pas en charge int par défaut
c:\users\user\desktop\inf1010\tp5\def.h(6): error C2146: erreur de syntaxe : absence de ';' avant l'identificateur 'nomsDesTypesDeMenu'
c:\users\user\desktop\inf1010\tp5\def.h(6): error C2440: 'initialisation' : impossible de convertir de 'const char [6]' en 'int'
  c:\users\user\desktop\inf1010\tp5\def.h(6): note: Aucun contexte dans lequel cette conversion est possible
c:\users\user\desktop\inf1010\tp5\def.h(6): error C2440: 'initialisation' : impossible de convertir de 'const char [5]' en 'int'
  c:\users\user\desktop\inf1010\tp5\def.h(6): note: Aucun contexte dans lequel cette conversion est possible
c:\users\user\desktop\inf1010\tp5\def.h(7): error C4430: spécificateur de type manquant - int est pris en compte par défaut. Remarque : C++ ne prend pas en charge int par défaut
c:\users\user\desktop\inf1010\tp5\def.h(7): error C2086: 'const int string_view' : redéfinition
  c:\users\user\desktop\inf1010\tp5\def.h(6): note: voir la déclaration de 'string_view'
c:\users\user\desktop\inf1010\tp5\def.h(7): error C2146: erreur de syntaxe : absence de ';' avant l'identificateur 'entetesDesTypesDeMenu'
c:\users\user\desktop\inf1010\tp5\def.h(7): error C2440: 'initialisation' : impossible de convertir de 'const char [7]' en 'int'
  c:\users\user\desktop\inf1010\tp5\def.h(7): note: Aucun contexte dans lequel cette conversion est possible
c:\users\user\desktop\inf1010\tp5\def.h(7): error C2440: 'initialisation' : impossible de convertir de 'const char [6]' en 'int'
  c:\users\user\desktop\inf1010\tp5\def.h(7): note: Aucun contexte dans lequel cette conversion est possible
c:\users\user\desktop\inf1010\tp5\plat.h(20): error C2061: erreur de syntaxe : identificateur 'string_view'
c:\users\user\desktop\inf1010\tp5\client.h(19): error C2061: erreur de syntaxe : identificateur 'string_view'
c:\users\user\desktop\inf1010\tp5\client.h(19): error C2535: 'Client::Client(void)' : fonction membre déjà définie ou déclarée
  c:\users\user\desktop\inf1010\tp5\client.h(18): note: voir la déclaration de 'Client::Client'
c:\users\user\desktop\inf1010\tp5\client.cpp(13): error C2146: erreur de syntaxe : absence de ')' avant l'identificateur 'nom'
c:\users\user\desktop\inf1010\tp5\client.cpp(14): error C2065: 'nom' : identificateur non déclaré
c:\users\user\desktop\inf1010\tp5\client.cpp(14): error C4430: spécificateur de type manquant - int est pris en compte par défaut. Remarque : C++ ne prend pas en charge int par défaut
c:\users\user\desktop\inf1010\tp5\client.cpp(14): error C2065: 'prenom' : identificateur non déclaré
c:\users\user\desktop\inf1010\tp5\client.cpp(14): error C2065: 'tailleGroupe' : identificateur non déclaré
c:\users\user\desktop\inf1010\tp5\client.cpp(15): error C2448: 'tailleGroupe_' : l'initialiseur de style fonction semble être une définition de fonction
  ClientOccasionnel.cpp
  string_view is only available with C++17 or later.
c:\users\user\desktop\inf1010\tp5\lecturefichierensections.h(18): error C2061: erreur de syntaxe : identificateur 'string_view'
c:\users\user\desktop\inf1010\tp5\def.h(6): error C4430: spécificateur de type manquant - int est pris en compte par défaut. Remarque : C++ ne prend pas en charge int par défaut
c:\users\user\desktop\inf1010\tp5\def.h(6): error C2146: erreur de syntaxe : absence de ';' avant l'identificateur 'nomsDesTypesDeMenu'
c:\users\user\desktop\inf1010\tp5\def.h(6): error C2440: 'initialisation' : impossible de convertir de 'const char [6]' en 'int'
  c:\users\user\desktop\inf1010\tp5\def.h(6): note: Aucun contexte dans lequel cette conversion est possible
c:\users\user\desktop\inf1010\tp5\def.h(6): error C2440: 'initialisation' : impossible de convertir de 'const char [5]' en 'int'
  c:\users\user\desktop\inf1010\tp5\def.h(6): note: Aucun contexte dans lequel cette conversion est possible
c:\users\user\desktop\inf1010\tp5\def.h(7): error C4430: spécificateur de type manquant - int est pris en compte par défaut. Remarque : C++ ne prend pas en charge int par défaut
c:\users\user\desktop\inf1010\tp5\def.h(7): error C2086: 'const int string_view' : redéfinition
  c:\users\user\desktop\inf1010\tp5\def.h(6): note: voir la déclaration de 'string_view'
c:\users\user\desktop\inf1010\tp5\def.h(7): error C2146: erreur de syntaxe : absence de ';' avant l'identificateur 'entetesDesTypesDeMenu'
c:\users\user\desktop\inf1010\tp5\def.h(7): error C2440: 'initialisation' : impossible de convertir de 'const char [7]' en 'int'
  c:\users\user\desktop\inf1010\tp5\def.h(7): note: Aucun contexte dans lequel cette conversion est possible
c:\users\user\desktop\inf1010\tp5\def.h(7): error C2440: 'initialisation' : impossible de convertir de 'const char [6]' en 'int'
  c:\users\user\desktop\inf1010\tp5\def.h(7): note: Aucun contexte dans lequel cette conversion est possible
c:\users\user\desktop\inf1010\tp5\plat.h(20): error C2061: erreur de syntaxe : identificateur 'string_view'
c:\users\user\desktop\inf1010\tp5\client.h(19): error C2061: erreur de syntaxe : identificateur 'string_view'
c:\users\user\desktop\inf1010\tp5\client.h(19): error C2535: 'Client::Client(void)' : fonction membre déjà définie ou déclarée
  c:\users\user\desktop\inf1010\tp5\client.h(18): note: voir la déclaration de 'Client::Client'
c:\users\user\desktop\inf1010\tp5\clientoccasionnel.h(13): error C2061: erreur de syntaxe : identificateur 'string_view'
c:\users\user\desktop\inf1010\tp5\clientoccasionnel.cpp(7): error C2146: erreur de syntaxe : absence de ')' avant l'identificateur 'nom'
c:\users\user\desktop\inf1010\tp5\clientoccasionnel.cpp(7): error C2143: erreur de syntaxe : absence de ')' avant ','
c:\users\user\desktop\inf1010\tp5\clientoccasionnel.cpp(7): error C2259: 'Client' : impossible d'instancier une classe abstraite
  c:\users\user\desktop\inf1010\tp5\clientoccasionnel.cpp(7): note: à cause des membres suivants :
  c:\users\user\desktop\inf1010\tp5\clientoccasionnel.cpp(7): note: 'int Client::getNbPoints(void) const' : est abstrait
  c:\users\user\desktop\inf1010\tp5\client.h(29): note: voir la déclaration de 'Client::getNbPoints'
  c:\users\user\desktop\inf1010\tp5\clientoccasionnel.cpp(7): note: 'void Client::afficherClient(std::ostream &) const' : est abstrait
  c:\users\user\desktop\inf1010\tp5\client.h(30): note: voir la déclaration de 'Client::afficherClient'
  c:\users\user\desktop\inf1010\tp5\clientoccasionnel.cpp(7): note: 'double Client::getReduction(const Restaurant &,double,bool)' : est abstrait
  c:\users\user\desktop\inf1010\tp5\client.h(31): note: voir la déclaration de 'Client::getReduction'
c:\users\user\desktop\inf1010\tp5\clientoccasionnel.cpp(7): error C2059: erreur de syntaxe : ')'
c:\users\user\desktop\inf1010\tp5\clientoccasionnel.cpp(9): error C2143: erreur de syntaxe : absence de ';' avant 'ClientOccasionnel::~ClientOccasionnel'
  ClientPrestige.cpp
  string_view is only available with C++17 or later.
c:\users\user\desktop\inf1010\tp5\lecturefichierensections.h(18): error C2061: erreur de syntaxe : identificateur 'string_view'
c:\users\user\desktop\inf1010\tp5\def.h(6): error C4430: spécificateur de type manquant - int est pris en compte par défaut. Remarque : C++ ne prend pas en charge int par défaut
c:\users\user\desktop\inf1010\tp5\def.h(6): error C2146: erreur de syntaxe : absence de ';' avant l'identificateur 'nomsDesTypesDeMenu'
c:\users\user\desktop\inf1010\tp5\def.h(6): error C2440: 'initialisation' : impossible de convertir de 'const char [6]' en 'int'
  c:\users\user\desktop\inf1010\tp5\def.h(6): note: Aucun contexte dans lequel cette conversion est possible
c:\users\user\desktop\inf1010\tp5\def.h(6): error C2440: 'initialisation' : impossible de convertir de 'const char [5]' en 'int'
  c:\users\user\desktop\inf1010\tp5\def.h(6): note: Aucun contexte dans lequel cette conversion est possible
c:\users\user\desktop\inf1010\tp5\def.h(7): error C4430: spécificateur de type manquant - int est pris en compte par défaut. Remarque : C++ ne prend pas en charge int par défaut
c:\users\user\desktop\inf1010\tp5\def.h(7): error C2086: 'const int string_view' : redéfinition
  c:\users\user\desktop\inf1010\tp5\def.h(6): note: voir la déclaration de 'string_view'
c:\users\user\desktop\inf1010\tp5\def.h(7): error C2146: erreur de syntaxe : absence de ';' avant l'identificateur 'entetesDesTypesDeMenu'
c:\users\user\desktop\inf1010\tp5\def.h(7): error C2440: 'initialisation' : impossible de convertir de 'const char [7]' en 'int'
  c:\users\user\desktop\inf1010\tp5\def.h(7): note: Aucun contexte dans lequel cette conversion est possible
c:\users\user\desktop\inf1010\tp5\def.h(7): error C2440: 'initialisation' : impossible de convertir de 'const char [6]' en 'int'
  c:\users\user\desktop\inf1010\tp5\def.h(7): note: Aucun contexte dans lequel cette conversion est possible
c:\users\user\desktop\inf1010\tp5\plat.h(20): error C2061: erreur de syntaxe : identificateur 'string_view'
c:\users\user\desktop\inf1010\tp5\client.h(19): error C2061: erreur de syntaxe : identificateur 'string_view'
c:\users\user\desktop\inf1010\tp5\client.h(19): error C2535: 'Client::Client(void)' : fonction membre déjà définie ou déclarée
  c:\users\user\desktop\inf1010\tp5\client.h(18): note: voir la déclaration de 'Client::Client'
c:\users\user\desktop\inf1010\tp5\clientregulier.h(15): error C2061: erreur de syntaxe : identificateur 'string_view'
c:\users\user\desktop\inf1010\tp5\clientregulier.h(15): error C2535: 'ClientRegulier::ClientRegulier(void)' : fonction membre déjà définie ou déclarée
  c:\users\user\desktop\inf1010\tp5\clientregulier.h(14): note: voir la déclaration de 'ClientRegulier::ClientRegulier'
c:\users\user\desktop\inf1010\tp5\clientprestige.h(15): error C2061: erreur de syntaxe : identificateur 'string_view'
c:\users\user\desktop\inf1010\tp5\clientprestige.h(15): error C2535: 'ClientPrestige::ClientPrestige(void)' : fonction membre déjà définie ou déclarée
  c:\users\user\desktop\inf1010\tp5\clientprestige.h(14): note: voir la déclaration de 'ClientPrestige::ClientPrestige'
c:\users\user\desktop\inf1010\tp5\restaurant.h(29): error C2061: erreur de syntaxe : identificateur 'string_view'
c:\users\user\desktop\inf1010\tp5\restaurant.h(39): error C2061: erreur de syntaxe : identificateur 'string_view'
c:\users\user\desktop\inf1010\tp5\restaurant.h(47): error C2143: erreur de syntaxe : absence de ';' avant '*'
c:\users\user\desktop\inf1010\tp5\restaurant.h(47): error C4430: spécificateur de type manquant - int est pris en compte par défaut. Remarque : C++ ne prend pas en charge int par défaut
c:\users\user\desktop\inf1010\tp5\restaurant.h(47): error C2238: jetons inattendus avant ';'
c:\users\user\desktop\inf1010\tp5\restaurant.h(58): error C2061: erreur de syntaxe : identificateur 'string_view'
c:\users\user\desktop\inf1010\tp5\restaurant.h(71): error C2143: erreur de syntaxe : absence de ';' avant '*'
c:\users\user\desktop\inf1010\tp5\restaurant.h(71): error C4430: spécificateur de type manquant - int est pris en compte par défaut. Remarque : C++ ne prend pas en charge int par défaut
c:\users\user\desktop\inf1010\tp5\restaurant.h(71): error C2238: jetons inattendus avant ';'
c:\users\user\desktop\inf1010\tp5\restaurant.h(80): error C2065: 'Menu' : identificateur non déclaré
c:\users\user\desktop\inf1010\tp5\restaurant.h(80): error C2059: erreur de syntaxe : '>'
c:\users\user\desktop\inf1010\tp5\restaurant.h(80): error C2976: 'owner' : nombre d'arguments modèle insuffisant
  c:\users\user\desktop\inf1010\tp5\pointers.h(10): note: voir la déclaration de 'owner'
c:\users\user\desktop\inf1010\tp5\restaurant.h(81): error C2065: 'Menu' : identificateur non déclaré
c:\users\user\desktop\inf1010\tp5\restaurant.h(81): error C2059: erreur de syntaxe : '>'
c:\users\user\desktop\inf1010\tp5\restaurant.h(81): error C2976: 'owner' : nombre d'arguments modèle insuffisant
  c:\users\user\desktop\inf1010\tp5\pointers.h(10): note: voir la déclaration de 'owner'
c:\users\user\desktop\inf1010\tp5\restaurant.h(82): error C2065: 'Menu' : identificateur non déclaré
c:\users\user\desktop\inf1010\tp5\restaurant.h(82): error C2059: erreur de syntaxe : '>'
c:\users\user\desktop\inf1010\tp5\restaurant.h(82): error C2976: 'owner' : nombre d'arguments modèle insuffisant
  c:\users\user\desktop\inf1010\tp5\pointers.h(10): note: voir la déclaration de 'owner'
c:\users\user\desktop\inf1010\tp5\clientprestige.cpp(13): error C2146: erreur de syntaxe : absence de ')' avant l'identificateur 'nom'
c:\users\user\desktop\inf1010\tp5\clientprestige.cpp(13): error C2143: erreur de syntaxe : absence de ')' avant ','
c:\users\user\desktop\inf1010\tp5\clientprestige.cpp(13): error C2059: erreur de syntaxe : ')'
c:\users\user\desktop\inf1010\tp5\clientprestige.cpp(15): error C2065: 'adresse_' : identificateur non déclaré
c:\users\user\desktop\inf1010\tp5\clientprestige.cpp(15): error C2065: 'adresse' : identificateur non déclaré
c:\users\user\desktop\inf1010\tp5\clientprestige.cpp(15): error C2059: erreur de syntaxe : ';'
c:\users\user\desktop\inf1010\tp5\clientprestige.cpp(16): error C2059: erreur de syntaxe : '}'
c:\users\user\desktop\inf1010\tp5\clientprestige.cpp(16): error C2143: erreur de syntaxe : absence de ';' avant '}'
c:\users\user\desktop\inf1010\tp5\clientprestige.cpp(19): error C2143: erreur de syntaxe : absence de ';' avant '{'
c:\users\user\desktop\inf1010\tp5\clientprestige.cpp(19): error C2447: '{' : en-tête de fonction manquant (liste formelle à l'ancien format ?)
  ClientRegulier.cpp
  string_view is only available with C++17 or later.
c:\users\user\desktop\inf1010\tp5\lecturefichierensections.h(18): error C2061: erreur de syntaxe : identificateur 'string_view'
c:\users\user\desktop\inf1010\tp5\def.h(6): error C4430: spécificateur de type manquant - int est pris en compte par défaut. Remarque : C++ ne prend pas en charge int par défaut
c:\users\user\desktop\inf1010\tp5\def.h(6): error C2146: erreur de syntaxe : absence de ';' avant l'identificateur 'nomsDesTypesDeMenu'
c:\users\user\desktop\inf1010\tp5\def.h(6): error C2440: 'initialisation' : impossible de convertir de 'const char [6]' en 'int'
  c:\users\user\desktop\inf1010\tp5\def.h(6): note: Aucun contexte dans lequel cette conversion est possible
c:\users\user\desktop\inf1010\tp5\def.h(6): error C2440: 'initialisation' : impossible de convertir de 'const char [5]' en 'int'
  c:\users\user\desktop\inf1010\tp5\def.h(6): note: Aucun contexte dans lequel cette conversion est possible
c:\users\user\desktop\inf1010\tp5\def.h(7): error C4430: spécificateur de type manquant - int est pris en compte par défaut. Remarque : C++ ne prend pas en charge int par défaut
c:\users\user\desktop\inf1010\tp5\def.h(7): error C2086: 'const int string_view' : redéfinition
  c:\users\user\desktop\inf1010\tp5\def.h(6): note: voir la déclaration de 'string_view'
c:\users\user\desktop\inf1010\tp5\def.h(7): error C2146: erreur de syntaxe : absence de ';' avant l'identificateur 'entetesDesTypesDeMenu'
c:\users\user\desktop\inf1010\tp5\def.h(7): error C2440: 'initialisation' : impossible de convertir de 'const char [7]' en 'int'
  c:\users\user\desktop\inf1010\tp5\def.h(7): note: Aucun contexte dans lequel cette conversion est possible
c:\users\user\desktop\inf1010\tp5\def.h(7): error C2440: 'initialisation' : impossible de convertir de 'const char [6]' en 'int'
  c:\users\user\desktop\inf1010\tp5\def.h(7): note: Aucun contexte dans lequel cette conversion est possible
c:\users\user\desktop\inf1010\tp5\plat.h(20): error C2061: erreur de syntaxe : identificateur 'string_view'
c:\users\user\desktop\inf1010\tp5\client.h(19): error C2061: erreur de syntaxe : identificateur 'string_view'
c:\users\user\desktop\inf1010\tp5\client.h(19): error C2535: 'Client::Client(void)' : fonction membre déjà définie ou déclarée
  c:\users\user\desktop\inf1010\tp5\client.h(18): note: voir la déclaration de 'Client::Client'
c:\users\user\desktop\inf1010\tp5\clientregulier.h(15): error C2061: erreur de syntaxe : identificateur 'string_view'
c:\users\user\desktop\inf1010\tp5\clientregulier.h(15): error C2535: 'ClientRegulier::ClientRegulier(void)' : fonction membre déjà définie ou déclarée
  c:\users\user\desktop\inf1010\tp5\clientregulier.h(14): note: voir la déclaration de 'ClientRegulier::ClientRegulier'
c:\users\user\desktop\inf1010\tp5\clientregulier.cpp(9): error C2146: erreur de syntaxe : absence de ')' avant l'identificateur 'nom'
c:\users\user\desktop\inf1010\tp5\clientregulier.cpp(10): error C2143: erreur de syntaxe : absence de ')' avant ','
c:\users\user\desktop\inf1010\tp5\clientregulier.cpp(10): error C2259: 'Client' : impossible d'instancier une classe abstraite
  c:\users\user\desktop\inf1010\tp5\clientregulier.cpp(10): note: à cause des membres suivants :
  c:\users\user\desktop\inf1010\tp5\clientregulier.cpp(10): note: 'int Client::getNbPoints(void) const' : est abstrait
  c:\users\user\desktop\inf1010\tp5\client.h(29): note: voir la déclaration de 'Client::getNbPoints'
  c:\users\user\desktop\inf1010\tp5\clientregulier.cpp(10): note: 'void Client::afficherClient(std::ostream &) const' : est abstrait
  c:\users\user\desktop\inf1010\tp5\client.h(30): note: voir la déclaration de 'Client::afficherClient'
  c:\users\user\desktop\inf1010\tp5\clientregulier.cpp(10): note: 'double Client::getReduction(const Restaurant &,double,bool)' : est abstrait
  c:\users\user\desktop\inf1010\tp5\client.h(31): note: voir la déclaration de 'Client::getReduction'
c:\users\user\desktop\inf1010\tp5\clientregulier.cpp(10): error C2059: erreur de syntaxe : ')'
c:\users\user\desktop\inf1010\tp5\clientregulier.cpp(10): error C2065: 'npoints' : identificateur non déclaré
c:\users\user\desktop\inf1010\tp5\clientregulier.cpp(10): error C2448: 'nbPoints_' : l'initialiseur de style fonction semble être une définition de fonction
  GestionnairePlats.cpp
  string_view is only available with C++17 or later.
c:\users\user\desktop\inf1010\tp5\lecturefichierensections.h(18): error C2061: erreur de syntaxe : identificateur 'string_view'
c:\users\user\desktop\inf1010\tp5\def.h(6): error C4430: spécificateur de type manquant - int est pris en compte par défaut. Remarque : C++ ne prend pas en charge int par défaut
c:\users\user\desktop\inf1010\tp5\def.h(6): error C2146: erreur de syntaxe : absence de ';' avant l'identificateur 'nomsDesTypesDeMenu'
c:\users\user\desktop\inf1010\tp5\def.h(6): error C2440: 'initialisation' : impossible de convertir de 'const char [6]' en 'int'
  c:\users\user\desktop\inf1010\tp5\def.h(6): note: Aucun contexte dans lequel cette conversion est possible
c:\users\user\desktop\inf1010\tp5\def.h(6): error C2440: 'initialisation' : impossible de convertir de 'const char [5]' en 'int'
  c:\users\user\desktop\inf1010\tp5\def.h(6): note: Aucun contexte dans lequel cette conversion est possible
c:\users\user\desktop\inf1010\tp5\def.h(7): error C4430: spécificateur de type manquant - int est pris en compte par défaut. Remarque : C++ ne prend pas en charge int par défaut
c:\users\user\desktop\inf1010\tp5\def.h(7): error C2086: 'const int string_view' : redéfinition
  c:\users\user\desktop\inf1010\tp5\def.h(6): note: voir la déclaration de 'string_view'
c:\users\user\desktop\inf1010\tp5\def.h(7): error C2146: erreur de syntaxe : absence de ';' avant l'identificateur 'entetesDesTypesDeMenu'
c:\users\user\desktop\inf1010\tp5\def.h(7): error C2440: 'initialisation' : impossible de convertir de 'const char [7]' en 'int'
  c:\users\user\desktop\inf1010\tp5\def.h(7): note: Aucun contexte dans lequel cette conversion est possible
c:\users\user\desktop\inf1010\tp5\def.h(7): error C2440: 'initialisation' : impossible de convertir de 'const char [6]' en 'int'
  c:\users\user\desktop\inf1010\tp5\def.h(7): note: Aucun contexte dans lequel cette conversion est possible
c:\users\user\desktop\inf1010\tp5\plat.h(20): error C2061: erreur de syntaxe : identificateur 'string_view'
c:\users\user\desktop\inf1010\tp5\gestionnaireplats.h(37): error C2143: erreur de syntaxe : absence de ';' avant '<'
c:\users\user\desktop\inf1010\tp5\gestionnaireplats.h(37): error C4430: spécificateur de type manquant - int est pris en compte par défaut. Remarque : C++ ne prend pas en charge int par défaut
c:\users\user\desktop\inf1010\tp5\gestionnaireplats.h(37): error C2238: jetons inattendus avant ';'
c:\users\user\desktop\inf1010\tp5\gestionnaireplats.cpp(18): error C2660: 'LectureFichierEnSections::allerASection' : la fonction ne prend pas 1 arguments
  c:\users\user\desktop\inf1010\tp5\lecturefichierensections.h(18): note: voir la déclaration de 'LectureFichierEnSections::allerASection'
c:\users\user\desktop\inf1010\tp5\gestionnaireplats.cpp(20): error C3861: 'ajouter' : identificateur introuvable
c:\users\user\desktop\inf1010\tp5\gestionnaireplats.cpp(47): error C2440: 'initialisation' : impossible de convertir de 'initializer list' en 'Plat'
  c:\users\user\desktop\inf1010\tp5\gestionnaireplats.cpp(47): note: Aucun constructeur n'a pu prendre le type de source, ou la résolution de la surcharge du constructeur était ambiguë
  GestionnaireTables.cpp
  string_view is only available with C++17 or later.
c:\users\user\desktop\inf1010\tp5\lecturefichierensections.h(18): error C2061: erreur de syntaxe : identificateur 'string_view'
c:\users\user\desktop\inf1010\tp5\def.h(6): error C4430: spécificateur de type manquant - int est pris en compte par défaut. Remarque : C++ ne prend pas en charge int par défaut
c:\users\user\desktop\inf1010\tp5\def.h(6): error C2146: erreur de syntaxe : absence de ';' avant l'identificateur 'nomsDesTypesDeMenu'
c:\users\user\desktop\inf1010\tp5\def.h(6): error C2440: 'initialisation' : impossible de convertir de 'const char [6]' en 'int'
  c:\users\user\desktop\inf1010\tp5\def.h(6): note: Aucun contexte dans lequel cette conversion est possible
c:\users\user\desktop\inf1010\tp5\def.h(6): error C2440: 'initialisation' : impossible de convertir de 'const char [5]' en 'int'
  c:\users\user\desktop\inf1010\tp5\def.h(6): note: Aucun contexte dans lequel cette conversion est possible
c:\users\user\desktop\inf1010\tp5\def.h(7): error C4430: spécificateur de type manquant - int est pris en compte par défaut. Remarque : C++ ne prend pas en charge int par défaut
c:\users\user\desktop\inf1010\tp5\def.h(7): error C2086: 'const int string_view' : redéfinition
  c:\users\user\desktop\inf1010\tp5\def.h(6): note: voir la déclaration de 'string_view'
c:\users\user\desktop\inf1010\tp5\def.h(7): error C2146: erreur de syntaxe : absence de ';' avant l'identificateur 'entetesDesTypesDeMenu'
c:\users\user\desktop\inf1010\tp5\def.h(7): error C2440: 'initialisation' : impossible de convertir de 'const char [7]' en 'int'
  c:\users\user\desktop\inf1010\tp5\def.h(7): note: Aucun contexte dans lequel cette conversion est possible
c:\users\user\desktop\inf1010\tp5\def.h(7): error C2440: 'initialisation' : impossible de convertir de 'const char [6]' en 'int'
  c:\users\user\desktop\inf1010\tp5\def.h(7): note: Aucun contexte dans lequel cette conversion est possible
c:\users\user\desktop\inf1010\tp5\plat.h(20): error C2061: erreur de syntaxe : identificateur 'string_view'
c:\users\user\desktop\inf1010\tp5\client.h(19): error C2061: erreur de syntaxe : identificateur 'string_view'
c:\users\user\desktop\inf1010\tp5\client.h(19): error C2535: 'Client::Client(void)' : fonction membre déjà définie ou déclarée
  c:\users\user\desktop\inf1010\tp5\client.h(18): note: voir la déclaration de 'Client::Client'
c:\users\user\desktop\inf1010\tp5\gestionnairetables.cpp(14): error C2660: 'LectureFichierEnSections::allerASection' : la fonction ne prend pas 1 arguments
  c:\users\user\desktop\inf1010\tp5\lecturefichierensections.h(18): note: voir la déclaration de 'LectureFichierEnSections::allerASection'
c:\users\user\desktop\inf1010\tp5\gestionnairetables.cpp(18): error C3861: 'ajouter' : identificateur introuvable
  LectureFichierEnSections.cpp
  string_view is only available with C++17 or later.
c:\users\user\desktop\inf1010\tp5\lecturefichierensections.h(18): error C2061: erreur de syntaxe : identificateur 'string_view'
c:\users\user\desktop\inf1010\tp5\lecturefichierensections.cpp(18): error C2039: 'string_view' : n'est pas membre de 'std'
  c:\program files (x86)\microsoft visual studio\2017\community\vc\tools\msvc\14.15.26726\include\sstream(14): note: voir la déclaration de 'std'
c:\users\user\desktop\inf1010\tp5\lecturefichierensections.cpp(18): error C2065: 'string_view' : identificateur non déclaré
c:\users\user\desktop\inf1010\tp5\lecturefichierensections.cpp(18): error C2146: erreur de syntaxe : absence de ')' avant l'identificateur 'titreSection'
c:\users\user\desktop\inf1010\tp5\lecturefichierensections.cpp(19): error C2143: erreur de syntaxe : absence de ';' avant '{'
c:\users\user\desktop\inf1010\tp5\lecturefichierensections.cpp(19): error C2447: '{' : en-tête de fonction manquant (liste formelle à l'ancien format ?)
  main.cpp
  string_view is only available with C++17 or later.
c:\users\user\desktop\inf1010\tp5\lecturefichierensections.h(18): error C2061: erreur de syntaxe : identificateur 'string_view'
c:\users\user\desktop\inf1010\tp5\def.h(6): error C4430: spécificateur de type manquant - int est pris en compte par défaut. Remarque : C++ ne prend pas en charge int par défaut
c:\users\user\desktop\inf1010\tp5\def.h(6): error C2146: erreur de syntaxe : absence de ';' avant l'identificateur 'nomsDesTypesDeMenu'
c:\users\user\desktop\inf1010\tp5\def.h(6): error C2440: 'initialisation' : impossible de convertir de 'const char [6]' en 'int'
  c:\users\user\desktop\inf1010\tp5\def.h(6): note: Aucun contexte dans lequel cette conversion est possible
c:\users\user\desktop\inf1010\tp5\def.h(6): error C2440: 'initialisation' : impossible de convertir de 'const char [5]' en 'int'
  c:\users\user\desktop\inf1010\tp5\def.h(6): note: Aucun contexte dans lequel cette conversion est possible
c:\users\user\desktop\inf1010\tp5\def.h(7): error C4430: spécificateur de type manquant - int est pris en compte par défaut. Remarque : C++ ne prend pas en charge int par défaut
c:\users\user\desktop\inf1010\tp5\def.h(7): error C2086: 'const int string_view' : redéfinition
  c:\users\user\desktop\inf1010\tp5\def.h(6): note: voir la déclaration de 'string_view'
c:\users\user\desktop\inf1010\tp5\def.h(7): error C2146: erreur de syntaxe : absence de ';' avant l'identificateur 'entetesDesTypesDeMenu'
c:\users\user\desktop\inf1010\tp5\def.h(7): error C2440: 'initialisation' : impossible de convertir de 'const char [7]' en 'int'
  c:\users\user\desktop\inf1010\tp5\def.h(7): note: Aucun contexte dans lequel cette conversion est possible
c:\users\user\desktop\inf1010\tp5\def.h(7): error C2440: 'initialisation' : impossible de convertir de 'const char [6]' en 'int'
  c:\users\user\desktop\inf1010\tp5\def.h(7): note: Aucun contexte dans lequel cette conversion est possible
c:\users\user\desktop\inf1010\tp5\plat.h(20): error C2061: erreur de syntaxe : identificateur 'string_view'
c:\users\user\desktop\inf1010\tp5\client.h(19): error C2061: erreur de syntaxe : identificateur 'string_view'
c:\users\user\desktop\inf1010\tp5\client.h(19): error C2535: 'Client::Client(void)' : fonction membre déjà définie ou déclarée
  c:\users\user\desktop\inf1010\tp5\client.h(18): note: voir la déclaration de 'Client::Client'
c:\users\user\desktop\inf1010\tp5\clientregulier.h(15): error C2061: erreur de syntaxe : identificateur 'string_view'
c:\users\user\desktop\inf1010\tp5\clientregulier.h(15): error C2535: 'ClientRegulier::ClientRegulier(void)' : fonction membre déjà définie ou déclarée
  c:\users\user\desktop\inf1010\tp5\clientregulier.h(14): note: voir la déclaration de 'ClientRegulier::ClientRegulier'
c:\users\user\desktop\inf1010\tp5\clientprestige.h(15): error C2061: erreur de syntaxe : identificateur 'string_view'
c:\users\user\desktop\inf1010\tp5\clientprestige.h(15): error C2535: 'ClientPrestige::ClientPrestige(void)' : fonction membre déjà définie ou déclarée
  c:\users\user\desktop\inf1010\tp5\clientprestige.h(14): note: voir la déclaration de 'ClientPrestige::ClientPrestige'
c:\users\user\desktop\inf1010\tp5\restaurant.h(29): error C2061: erreur de syntaxe : identificateur 'string_view'
c:\users\user\desktop\inf1010\tp5\restaurant.h(39): error C2061: erreur de syntaxe : identificateur 'string_view'
c:\users\user\desktop\inf1010\tp5\restaurant.h(47): error C2143: erreur de syntaxe : absence de ';' avant '*'
c:\users\user\desktop\inf1010\tp5\restaurant.h(47): error C4430: spécificateur de type manquant - int est pris en compte par défaut. Remarque : C++ ne prend pas en charge int par défaut
c:\users\user\desktop\inf1010\tp5\restaurant.h(47): error C2238: jetons inattendus avant ';'
c:\users\user\desktop\inf1010\tp5\restaurant.h(58): error C2061: erreur de syntaxe : identificateur 'string_view'
c:\users\user\desktop\inf1010\tp5\restaurant.h(71): error C2143: erreur de syntaxe : absence de ';' avant '*'
c:\users\user\desktop\inf1010\tp5\restaurant.h(71): error C4430: spécificateur de type manquant - int est pris en compte par défaut. Remarque : C++ ne prend pas en charge int par défaut
c:\users\user\desktop\inf1010\tp5\restaurant.h(71): error C2238: jetons inattendus avant ';'
c:\users\user\desktop\inf1010\tp5\restaurant.h(80): error C2065: 'Menu' : identificateur non déclaré
c:\users\user\desktop\inf1010\tp5\restaurant.h(80): error C2059: erreur de syntaxe : '>'
c:\users\user\desktop\inf1010\tp5\restaurant.h(80): error C2976: 'owner' : nombre d'arguments modèle insuffisant
  c:\users\user\desktop\inf1010\tp5\pointers.h(10): note: voir la déclaration de 'owner'
c:\users\user\desktop\inf1010\tp5\restaurant.h(81): error C2065: 'Menu' : identificateur non déclaré
c:\users\user\desktop\inf1010\tp5\restaurant.h(81): error C2059: erreur de syntaxe : '>'
c:\users\user\desktop\inf1010\tp5\restaurant.h(81): error C2976: 'owner' : nombre d'arguments modèle insuffisant
  c:\users\user\desktop\inf1010\tp5\pointers.h(10): note: voir la déclaration de 'owner'
c:\users\user\desktop\inf1010\tp5\restaurant.h(82): error C2065: 'Menu' : identificateur non déclaré
c:\users\user\desktop\inf1010\tp5\restaurant.h(82): error C2059: erreur de syntaxe : '>'
c:\users\user\desktop\inf1010\tp5\restaurant.h(82): error C2976: 'owner' : nombre d'arguments modèle insuffisant
  c:\users\user\desktop\inf1010\tp5\pointers.h(10): note: voir la déclaration de 'owner'
c:\users\user\desktop\inf1010\tp5\clientoccasionnel.h(13): error C2061: erreur de syntaxe : identificateur 'string_view'
c:\users\user\desktop\inf1010\tp5\main.cpp(21): error C2661: 'Restaurant::Restaurant' : aucune fonction surchargée ne nécessite 3 arguments
c:\users\user\desktop\inf1010\tp5\main.cpp(24): error C2039: 'getMenu' : n'est pas membre de 'Restaurant'
  c:\users\user\desktop\inf1010\tp5\restaurant.h(24): note: voir la déclaration de 'Restaurant'
c:\users\user\desktop\inf1010\tp5\main.cpp(25): error C2039: 'getMenu' : n'est pas membre de 'Restaurant'
  c:\users\user\desktop\inf1010\tp5\restaurant.h(24): note: voir la déclaration de 'Restaurant'
c:\users\user\desktop\inf1010\tp5\main.cpp(26): error C2039: 'getMenu' : n'est pas membre de 'Restaurant'
  c:\users\user\desktop\inf1010\tp5\restaurant.h(24): note: voir la déclaration de 'Restaurant'
c:\users\user\desktop\inf1010\tp5\main.cpp(32): error C2039: 'getMenu' : n'est pas membre de 'Restaurant'
  c:\users\user\desktop\inf1010\tp5\restaurant.h(24): note: voir la déclaration de 'Restaurant'
c:\users\user\desktop\inf1010\tp5\main.cpp(33): error C2039: 'getMenu' : n'est pas membre de 'Restaurant'
  c:\users\user\desktop\inf1010\tp5\restaurant.h(24): note: voir la déclaration de 'Restaurant'
c:\users\user\desktop\inf1010\tp5\main.cpp(34): error C2039: 'getMenu' : n'est pas membre de 'Restaurant'
  c:\users\user\desktop\inf1010\tp5\restaurant.h(24): note: voir la déclaration de 'Restaurant'
c:\users\user\desktop\inf1010\tp5\main.cpp(35): error C2039: 'getNombreElements' : n'est pas membre de 'GestionnaireTables'
  c:\users\user\desktop\inf1010\tp5\gestionnairetables.h(15): note: voir la déclaration de 'GestionnaireTables'
c:\users\user\desktop\inf1010\tp5\main.cpp(38): error C2661: 'Plat::Plat' : aucune fonction surchargée ne nécessite 3 arguments
c:\users\user\desktop\inf1010\tp5\main.cpp(38): error C2665: 'std::pair<std::string,Plat *>::pair' : aucune des 2 surcharges n'a pu convertir tous les types d'arguments
  c:\program files (x86)\microsoft visual studio\2017\community\vc\tools\msvc\14.15.26726\include\utility(195): note: est peut-être 'std::pair<std::string,Plat *>::pair(std::pair<std::string,Plat *> &&)'
  c:\program files (x86)\microsoft visual studio\2017\community\vc\tools\msvc\14.15.26726\include\utility(194): note: ou       'std::pair<std::string,Plat *>::pair(const std::pair<std::string,Plat *> &)'
  c:\users\user\desktop\inf1010\tp5\main.cpp(38): note: lors de la tentative de mise en correspondance de la liste des arguments '(const char [5])'
c:\users\user\desktop\inf1010\tp5\main.cpp(39): error C2039: 'getMenu' : n'est pas membre de 'Restaurant'
  c:\users\user\desktop\inf1010\tp5\restaurant.h(24): note: voir la déclaration de 'Restaurant'
c:\users\user\desktop\inf1010\tp5\main.cpp(40): error C2039: 'getMenu' : n'est pas membre de 'Restaurant'
  c:\users\user\desktop\inf1010\tp5\restaurant.h(24): note: voir la déclaration de 'Restaurant'
c:\users\user\desktop\inf1010\tp5\main.cpp(46): error C2039: 'getMenu' : n'est pas membre de 'Restaurant'
  c:\users\user\desktop\inf1010\tp5\restaurant.h(24): note: voir la déclaration de 'Restaurant'
c:\users\user\desktop\inf1010\tp5\main.cpp(49): error C2039: 'getMenu' : n'est pas membre de 'Restaurant'
  c:\users\user\desktop\inf1010\tp5\restaurant.h(24): note: voir la déclaration de 'Restaurant'
c:\users\user\desktop\inf1010\tp5\main.cpp(52): error C2039: 'getMenu' : n'est pas membre de 'Restaurant'
  c:\users\user\desktop\inf1010\tp5\restaurant.h(24): note: voir la déclaration de 'Restaurant'
c:\users\user\desktop\inf1010\tp5\main.cpp(63): error C2039: 'ajouter' : n'est pas membre de 'GestionnaireTables'
  c:\users\user\desktop\inf1010\tp5\gestionnairetables.h(15): note: voir la déclaration de 'GestionnaireTables'
c:\users\user\desktop\inf1010\tp5\main.cpp(74): error C2661: 'ClientOccasionnel::ClientOccasionnel' : aucune fonction surchargée ne nécessite 3 arguments
c:\users\user\desktop\inf1010\tp5\main.cpp(75): error C2661: 'ClientOccasionnel::ClientOccasionnel' : aucune fonction surchargée ne nécessite 3 arguments
c:\users\user\desktop\inf1010\tp5\main.cpp(76): error C2661: 'ClientRegulier::ClientRegulier' : aucune fonction surchargée ne nécessite 4 arguments
c:\users\user\desktop\inf1010\tp5\main.cpp(77): error C2661: 'ClientRegulier::ClientRegulier' : aucune fonction surchargée ne nécessite 4 arguments
c:\users\user\desktop\inf1010\tp5\main.cpp(78): error C2661: 'ClientPrestige::ClientPrestige' : aucune fonction surchargée ne nécessite 5 arguments
c:\users\user\desktop\inf1010\tp5\main.cpp(79): error C2661: 'ClientPrestige::ClientPrestige' : aucune fonction surchargée ne nécessite 5 arguments
c:\users\user\desktop\inf1010\tp5\main.cpp(90): warning C4018: '<' : incompatibilité signed/unsigned
c:\users\user\desktop\inf1010\tp5\main.cpp(110): error C2660: 'Restaurant::commanderPlat' : la fonction ne prend pas 2 arguments
  c:\users\user\desktop\inf1010\tp5\restaurant.h(58): note: voir la déclaration de 'Restaurant::commanderPlat'
c:\users\user\desktop\inf1010\tp5\main.cpp(112): error C2660: 'Restaurant::commanderPlat' : la fonction ne prend pas 2 arguments
  c:\users\user\desktop\inf1010\tp5\restaurant.h(58): note: voir la déclaration de 'Restaurant::commanderPlat'
c:\users\user\desktop\inf1010\tp5\main.cpp(114): error C2660: 'Restaurant::commanderPlat' : la fonction ne prend pas 2 arguments
  c:\users\user\desktop\inf1010\tp5\restaurant.h(58): note: voir la déclaration de 'Restaurant::commanderPlat'
c:\users\user\desktop\inf1010\tp5\main.cpp(116): error C2660: 'Restaurant::commanderPlat' : la fonction ne prend pas 2 arguments
  c:\users\user\desktop\inf1010\tp5\restaurant.h(58): note: voir la déclaration de 'Restaurant::commanderPlat'
c:\users\user\desktop\inf1010\tp5\main.cpp(118): error C2660: 'Restaurant::commanderPlat' : la fonction ne prend pas 2 arguments
  c:\users\user\desktop\inf1010\tp5\restaurant.h(58): note: voir la déclaration de 'Restaurant::commanderPlat'
c:\users\user\desktop\inf1010\tp5\main.cpp(119): error C2660: 'Restaurant::commanderPlat' : la fonction ne prend pas 2 arguments
  c:\users\user\desktop\inf1010\tp5\restaurant.h(58): note: voir la déclaration de 'Restaurant::commanderPlat'
  Menu.cpp
  string_view is only available with C++17 or later.
c:\users\user\desktop\inf1010\tp5\lecturefichierensections.h(18): error C2061: erreur de syntaxe : identificateur 'string_view'
  Plat.cpp
  string_view is only available with C++17 or later.
c:\users\user\desktop\inf1010\tp5\lecturefichierensections.h(18): error C2061: erreur de syntaxe : identificateur 'string_view'
c:\users\user\desktop\inf1010\tp5\def.h(6): error C4430: spécificateur de type manquant - int est pris en compte par défaut. Remarque : C++ ne prend pas en charge int par défaut
c:\users\user\desktop\inf1010\tp5\def.h(6): error C2146: erreur de syntaxe : absence de ';' avant l'identificateur 'nomsDesTypesDeMenu'
c:\users\user\desktop\inf1010\tp5\def.h(6): error C2440: 'initialisation' : impossible de convertir de 'const char [6]' en 'int'
  c:\users\user\desktop\inf1010\tp5\def.h(6): note: Aucun contexte dans lequel cette conversion est possible
c:\users\user\desktop\inf1010\tp5\def.h(6): error C2440: 'initialisation' : impossible de convertir de 'const char [5]' en 'int'
  c:\users\user\desktop\inf1010\tp5\def.h(6): note: Aucun contexte dans lequel cette conversion est possible
c:\users\user\desktop\inf1010\tp5\def.h(7): error C4430: spécificateur de type manquant - int est pris en compte par défaut. Remarque : C++ ne prend pas en charge int par défaut
c:\users\user\desktop\inf1010\tp5\def.h(7): error C2086: 'const int string_view' : redéfinition
  c:\users\user\desktop\inf1010\tp5\def.h(6): note: voir la déclaration de 'string_view'
c:\users\user\desktop\inf1010\tp5\def.h(7): error C2146: erreur de syntaxe : absence de ';' avant l'identificateur 'entetesDesTypesDeMenu'
c:\users\user\desktop\inf1010\tp5\def.h(7): error C2440: 'initialisation' : impossible de convertir de 'const char [7]' en 'int'
  c:\users\user\desktop\inf1010\tp5\def.h(7): note: Aucun contexte dans lequel cette conversion est possible
c:\users\user\desktop\inf1010\tp5\def.h(7): error C2440: 'initialisation' : impossible de convertir de 'const char [6]' en 'int'
  c:\users\user\desktop\inf1010\tp5\def.h(7): note: Aucun contexte dans lequel cette conversion est possible
c:\users\user\desktop\inf1010\tp5\plat.h(20): error C2061: erreur de syntaxe : identificateur 'string_view'
c:\users\user\desktop\inf1010\tp5\plat.cpp(7): error C2146: erreur de syntaxe : absence de ')' avant l'identificateur 'nom'
c:\users\user\desktop\inf1010\tp5\plat.cpp(7): error C2065: 'nom' : identificateur non déclaré
c:\users\user\desktop\inf1010\tp5\plat.cpp(7): error C4430: spécificateur de type manquant - int est pris en compte par défaut. Remarque : C++ ne prend pas en charge int par défaut
c:\users\user\desktop\inf1010\tp5\plat.cpp(7): error C2065: 'prix' : identificateur non déclaré
c:\users\user\desktop\inf1010\tp5\plat.cpp(7): error C2448: 'cout_' : l'initialiseur de style fonction semble être une définition de fonction
  PlatBio.cpp
  string_view is only available with C++17 or later.
c:\users\user\desktop\inf1010\tp5\lecturefichierensections.h(18): error C2061: erreur de syntaxe : identificateur 'string_view'
c:\users\user\desktop\inf1010\tp5\def.h(6): error C4430: spécificateur de type manquant - int est pris en compte par défaut. Remarque : C++ ne prend pas en charge int par défaut
c:\users\user\desktop\inf1010\tp5\def.h(6): error C2146: erreur de syntaxe : absence de ';' avant l'identificateur 'nomsDesTypesDeMenu'
c:\users\user\desktop\inf1010\tp5\def.h(6): error C2440: 'initialisation' : impossible de convertir de 'const char [6]' en 'int'
  c:\users\user\desktop\inf1010\tp5\def.h(6): note: Aucun contexte dans lequel cette conversion est possible
c:\users\user\desktop\inf1010\tp5\def.h(6): error C2440: 'initialisation' : impossible de convertir de 'const char [5]' en 'int'
  c:\users\user\desktop\inf1010\tp5\def.h(6): note: Aucun contexte dans lequel cette conversion est possible
c:\users\user\desktop\inf1010\tp5\def.h(7): error C4430: spécificateur de type manquant - int est pris en compte par défaut. Remarque : C++ ne prend pas en charge int par défaut
c:\users\user\desktop\inf1010\tp5\def.h(7): error C2086: 'const int string_view' : redéfinition
  c:\users\user\desktop\inf1010\tp5\def.h(6): note: voir la déclaration de 'string_view'
c:\users\user\desktop\inf1010\tp5\def.h(7): error C2146: erreur de syntaxe : absence de ';' avant l'identificateur 'entetesDesTypesDeMenu'
c:\users\user\desktop\inf1010\tp5\def.h(7): error C2440: 'initialisation' : impossible de convertir de 'const char [7]' en 'int'
  c:\users\user\desktop\inf1010\tp5\def.h(7): note: Aucun contexte dans lequel cette conversion est possible
c:\users\user\desktop\inf1010\tp5\def.h(7): error C2440: 'initialisation' : impossible de convertir de 'const char [6]' en 'int'
  c:\users\user\desktop\inf1010\tp5\def.h(7): note: Aucun contexte dans lequel cette conversion est possible
c:\users\user\desktop\inf1010\tp5\plat.h(20): error C2061: erreur de syntaxe : identificateur 'string_view'
c:\users\user\desktop\inf1010\tp5\platbio.cpp(8): error C2661: 'Plat::Plat' : aucune fonction surchargée ne nécessite 3 arguments
  PlatBioVege.cpp
  string_view is only available with C++17 or later.
c:\users\user\desktop\inf1010\tp5\lecturefichierensections.h(18): error C2061: erreur de syntaxe : identificateur 'string_view'
c:\users\user\desktop\inf1010\tp5\def.h(6): error C4430: spécificateur de type manquant - int est pris en compte par défaut. Remarque : C++ ne prend pas en charge int par défaut
c:\users\user\desktop\inf1010\tp5\def.h(6): error C2146: erreur de syntaxe : absence de ';' avant l'identificateur 'nomsDesTypesDeMenu'
c:\users\user\desktop\inf1010\tp5\def.h(6): error C2440: 'initialisation' : impossible de convertir de 'const char [6]' en 'int'
  c:\users\user\desktop\inf1010\tp5\def.h(6): note: Aucun contexte dans lequel cette conversion est possible
c:\users\user\desktop\inf1010\tp5\def.h(6): error C2440: 'initialisation' : impossible de convertir de 'const char [5]' en 'int'
  c:\users\user\desktop\inf1010\tp5\def.h(6): note: Aucun contexte dans lequel cette conversion est possible
c:\users\user\desktop\inf1010\tp5\def.h(7): error C4430: spécificateur de type manquant - int est pris en compte par défaut. Remarque : C++ ne prend pas en charge int par défaut
c:\users\user\desktop\inf1010\tp5\def.h(7): error C2086: 'const int string_view' : redéfinition
  c:\users\user\desktop\inf1010\tp5\def.h(6): note: voir la déclaration de 'string_view'
c:\users\user\desktop\inf1010\tp5\def.h(7): error C2146: erreur de syntaxe : absence de ';' avant l'identificateur 'entetesDesTypesDeMenu'
c:\users\user\desktop\inf1010\tp5\def.h(7): error C2440: 'initialisation' : impossible de convertir de 'const char [7]' en 'int'
  c:\users\user\desktop\inf1010\tp5\def.h(7): note: Aucun contexte dans lequel cette conversion est possible
c:\users\user\desktop\inf1010\tp5\def.h(7): error C2440: 'initialisation' : impossible de convertir de 'const char [6]' en 'int'
  c:\users\user\desktop\inf1010\tp5\def.h(7): note: Aucun contexte dans lequel cette conversion est possible
c:\users\user\desktop\inf1010\tp5\plat.h(20): error C2061: erreur de syntaxe : identificateur 'string_view'
  PlatVege.cpp
  string_view is only available with C++17 or later.
c:\users\user\desktop\inf1010\tp5\lecturefichierensections.h(18): error C2061: erreur de syntaxe : identificateur 'string_view'
c:\users\user\desktop\inf1010\tp5\def.h(6): error C4430: spécificateur de type manquant - int est pris en compte par défaut. Remarque : C++ ne prend pas en charge int par défaut
c:\users\user\desktop\inf1010\tp5\def.h(6): error C2146: erreur de syntaxe : absence de ';' avant l'identificateur 'nomsDesTypesDeMenu'
c:\users\user\desktop\inf1010\tp5\def.h(6): error C2440: 'initialisation' : impossible de convertir de 'const char [6]' en 'int'
  c:\users\user\desktop\inf1010\tp5\def.h(6): note: Aucun contexte dans lequel cette conversion est possible
c:\users\user\desktop\inf1010\tp5\def.h(6): error C2440: 'initialisation' : impossible de convertir de 'const char [5]' en 'int'
  c:\users\user\desktop\inf1010\tp5\def.h(6): note: Aucun contexte dans lequel cette conversion est possible
c:\users\user\desktop\inf1010\tp5\def.h(7): error C4430: spécificateur de type manquant - int est pris en compte par défaut. Remarque : C++ ne prend pas en charge int par défaut
c:\users\user\desktop\inf1010\tp5\def.h(7): error C2086: 'const int string_view' : redéfinition
  c:\users\user\desktop\inf1010\tp5\def.h(6): note: voir la déclaration de 'string_view'
c:\users\user\desktop\inf1010\tp5\def.h(7): error C2146: erreur de syntaxe : absence de ';' avant l'identificateur 'entetesDesTypesDeMenu'
c:\users\user\desktop\inf1010\tp5\def.h(7): error C2440: 'initialisation' : impossible de convertir de 'const char [7]' en 'int'
  c:\users\user\desktop\inf1010\tp5\def.h(7): note: Aucun contexte dans lequel cette conversion est possible
c:\users\user\desktop\inf1010\tp5\def.h(7): error C2440: 'initialisation' : impossible de convertir de 'const char [6]' en 'int'
  c:\users\user\desktop\inf1010\tp5\def.h(7): note: Aucun contexte dans lequel cette conversion est possible
c:\users\user\desktop\inf1010\tp5\plat.h(20): error C2061: erreur de syntaxe : identificateur 'string_view'
c:\users\user\desktop\inf1010\tp5\platvege.cpp(8): error C2661: 'Plat::Plat' : aucune fonction surchargée ne nécessite 3 arguments
  Restaurant.cpp
  string_view is only available with C++17 or later.
c:\users\user\desktop\inf1010\tp5\lecturefichierensections.h(18): error C2061: erreur de syntaxe : identificateur 'string_view'
c:\users\user\desktop\inf1010\tp5\def.h(6): error C4430: spécificateur de type manquant - int est pris en compte par défaut. Remarque : C++ ne prend pas en charge int par défaut
c:\users\user\desktop\inf1010\tp5\def.h(6): error C2146: erreur de syntaxe : absence de ';' avant l'identificateur 'nomsDesTypesDeMenu'
c:\users\user\desktop\inf1010\tp5\def.h(6): error C2440: 'initialisation' : impossible de convertir de 'const char [6]' en 'int'
  c:\users\user\desktop\inf1010\tp5\def.h(6): note: Aucun contexte dans lequel cette conversion est possible
c:\users\user\desktop\inf1010\tp5\def.h(6): error C2440: 'initialisation' : impossible de convertir de 'const char [5]' en 'int'
  c:\users\user\desktop\inf1010\tp5\def.h(6): note: Aucun contexte dans lequel cette conversion est possible
c:\users\user\desktop\inf1010\tp5\def.h(7): error C4430: spécificateur de type manquant - int est pris en compte par défaut. Remarque : C++ ne prend pas en charge int par défaut
c:\users\user\desktop\inf1010\tp5\def.h(7): error C2086: 'const int string_view' : redéfinition
  c:\users\user\desktop\inf1010\tp5\def.h(6): note: voir la déclaration de 'string_view'
c:\users\user\desktop\inf1010\tp5\def.h(7): error C2146: erreur de syntaxe : absence de ';' avant l'identificateur 'entetesDesTypesDeMenu'
c:\users\user\desktop\inf1010\tp5\def.h(7): error C2440: 'initialisation' : impossible de convertir de 'const char [7]' en 'int'
  c:\users\user\desktop\inf1010\tp5\def.h(7): note: Aucun contexte dans lequel cette conversion est possible
c:\users\user\desktop\inf1010\tp5\def.h(7): error C2440: 'initialisation' : impossible de convertir de 'const char [6]' en 'int'
  c:\users\user\desktop\inf1010\tp5\def.h(7): note: Aucun contexte dans lequel cette conversion est possible
c:\users\user\desktop\inf1010\tp5\plat.h(20): error C2061: erreur de syntaxe : identificateur 'string_view'
c:\users\user\desktop\inf1010\tp5\client.h(19): error C2061: erreur de syntaxe : identificateur 'string_view'
c:\users\user\desktop\inf1010\tp5\client.h(19): error C2535: 'Client::Client(void)' : fonction membre déjà définie ou déclarée
  c:\users\user\desktop\inf1010\tp5\client.h(18): note: voir la déclaration de 'Client::Client'
c:\users\user\desktop\inf1010\tp5\clientregulier.h(15): error C2061: erreur de syntaxe : identificateur 'string_view'
c:\users\user\desktop\inf1010\tp5\clientregulier.h(15): error C2535: 'ClientRegulier::ClientRegulier(void)' : fonction membre déjà définie ou déclarée
  c:\users\user\desktop\inf1010\tp5\clientregulier.h(14): note: voir la déclaration de 'ClientRegulier::ClientRegulier'
c:\users\user\desktop\inf1010\tp5\clientprestige.h(15): error C2061: erreur de syntaxe : identificateur 'string_view'
c:\users\user\desktop\inf1010\tp5\clientprestige.h(15): error C2535: 'ClientPrestige::ClientPrestige(void)' : fonction membre déjà définie ou déclarée
  c:\users\user\desktop\inf1010\tp5\clientprestige.h(14): note: voir la déclaration de 'ClientPrestige::ClientPrestige'
c:\users\user\desktop\inf1010\tp5\restaurant.h(29): error C2061: erreur de syntaxe : identificateur 'string_view'
c:\users\user\desktop\inf1010\tp5\restaurant.h(39): error C2061: erreur de syntaxe : identificateur 'string_view'
c:\users\user\desktop\inf1010\tp5\restaurant.h(47): error C2143: erreur de syntaxe : absence de ';' avant '*'
c:\users\user\desktop\inf1010\tp5\restaurant.h(47): error C4430: spécificateur de type manquant - int est pris en compte par défaut. Remarque : C++ ne prend pas en charge int par défaut
c:\users\user\desktop\inf1010\tp5\restaurant.h(47): error C2238: jetons inattendus avant ';'
c:\users\user\desktop\inf1010\tp5\restaurant.h(58): error C2061: erreur de syntaxe : identificateur 'string_view'
c:\users\user\desktop\inf1010\tp5\restaurant.h(71): error C2143: erreur de syntaxe : absence de ';' avant '*'
c:\users\user\desktop\inf1010\tp5\restaurant.h(71): error C4430: spécificateur de type manquant - int est pris en compte par défaut. Remarque : C++ ne prend pas en charge int par défaut
c:\users\user\desktop\inf1010\tp5\restaurant.h(71): error C2238: jetons inattendus avant ';'
c:\users\user\desktop\inf1010\tp5\restaurant.h(80): error C2065: 'Menu' : identificateur non déclaré
c:\users\user\desktop\inf1010\tp5\restaurant.h(80): error C2059: erreur de syntaxe : '>'
c:\users\user\desktop\inf1010\tp5\restaurant.h(80): error C2976: 'owner' : nombre d'arguments modèle insuffisant
  c:\users\user\desktop\inf1010\tp5\pointers.h(10): note: voir la déclaration de 'owner'
c:\users\user\desktop\inf1010\tp5\restaurant.h(81): error C2065: 'Menu' : identificateur non déclaré
c:\users\user\desktop\inf1010\tp5\restaurant.h(81): error C2059: erreur de syntaxe : '>'
c:\users\user\desktop\inf1010\tp5\restaurant.h(81): error C2976: 'owner' : nombre d'arguments modèle insuffisant
  c:\users\user\desktop\inf1010\tp5\pointers.h(10): note: voir la déclaration de 'owner'
c:\users\user\desktop\inf1010\tp5\restaurant.h(82): error C2065: 'Menu' : identificateur non déclaré
c:\users\user\desktop\inf1010\tp5\restaurant.h(82): error C2059: erreur de syntaxe : '>'
c:\users\user\desktop\inf1010\tp5\restaurant.h(82): error C2976: 'owner' : nombre d'arguments modèle insuffisant
  c:\users\user\desktop\inf1010\tp5\pointers.h(10): note: voir la déclaration de 'owner'
c:\users\user\desktop\inf1010\tp5\restaurant.cpp(14): error C2661: 'Restaurant::Restaurant' : aucune fonction surchargée ne nécessite 3 arguments
c:\users\user\desktop\inf1010\tp5\restaurant.cpp(18): error C2061: erreur de syntaxe : identificateur 'string_view'
c:\users\user\desktop\inf1010\tp5\restaurant.cpp(19): error C2065: 'nom' : identificateur non déclaré
c:\users\user\desktop\inf1010\tp5\restaurant.cpp(20): error C2065: 'moment' : identificateur non déclaré
c:\users\user\desktop\inf1010\tp5\restaurant.cpp(22): error C2061: erreur de syntaxe : identificateur 'Menu'
c:\users\user\desktop\inf1010\tp5\restaurant.cpp(22): error C2143: erreur de syntaxe : absence de ';' avant '{'
c:\users\user\desktop\inf1010\tp5\restaurant.cpp(22): error C2612: '}' de fin non conforme dans une liste d'initialiseurs de base/membre
c:\users\user\desktop\inf1010\tp5\restaurant.cpp(22): error C2059: erreur de syntaxe : ','
c:\users\user\desktop\inf1010\tp5\restaurant.cpp(23): error C2143: erreur de syntaxe : absence de ';' avant '{'
c:\users\user\desktop\inf1010\tp5\restaurant.cpp(23): error C2447: '{' : en-tête de fonction manquant (liste formelle à l'ancien format ?)
c:\users\user\desktop\inf1010\tp5\restaurant.cpp(23): error C2059: erreur de syntaxe : ','
c:\users\user\desktop\inf1010\tp5\restaurant.cpp(24): error C2143: erreur de syntaxe : absence de ';' avant '{'
c:\users\user\desktop\inf1010\tp5\restaurant.cpp(24): error C2447: '{' : en-tête de fonction manquant (liste formelle à l'ancien format ?)
c:\users\user\desktop\inf1010\tp5\restaurant.cpp(24): error C2059: erreur de syntaxe : ','
c:\users\user\desktop\inf1010\tp5\restaurant.cpp(25): error C2143: erreur de syntaxe : absence de ';' avant '{'
c:\users\user\desktop\inf1010\tp5\restaurant.cpp(25): error C2447: '{' : en-tête de fonction manquant (liste formelle à l'ancien format ?)
c:\users\user\desktop\inf1010\tp5\restaurant.cpp(26): error C2447: '{' : en-tête de fonction manquant (liste formelle à l'ancien format ?)
c:\users\user\desktop\inf1010\tp5\restaurant.cpp(34): error C2541: 'delete' : impossible de détruire des objets qui ne sont pas des pointeurs
c:\users\user\desktop\inf1010\tp5\restaurant.cpp(35): error C2541: 'delete' : impossible de détruire des objets qui ne sont pas des pointeurs
c:\users\user\desktop\inf1010\tp5\restaurant.cpp(36): error C2541: 'delete' : impossible de détruire des objets qui ne sont pas des pointeurs
c:\users\user\desktop\inf1010\tp5\restaurant.cpp(49): error C2146: erreur de syntaxe : absence de ')' avant l'identificateur 'nom'
c:\users\user\desktop\inf1010\tp5\restaurant.cpp(50): error C2143: erreur de syntaxe : absence de ';' avant '{'
c:\users\user\desktop\inf1010\tp5\restaurant.cpp(50): error C2447: '{' : en-tête de fonction manquant (liste formelle à l'ancien format ?)
c:\users\user\desktop\inf1010\tp5\restaurant.cpp(70): error C2511: 'double Restaurant::getFraisLivraison(int) const' : impossible de trouver la fonction membre surchargée dans 'Restaurant'
  c:\users\user\desktop\inf1010\tp5\restaurant.h(24): note: voir la déclaration de 'Restaurant'
c:\users\user\desktop\inf1010\tp5\restaurant.cpp(71): error C2597: référence non conforme à un membre non static 'Restaurant::fraisLivraison_'
c:\users\user\desktop\inf1010\tp5\restaurant.cpp(71): error C3867: 'Restaurant::fraisLivraison_' : syntaxe non-standard ; utilisez '&' pour créer un pointeur vers un membre
c:\users\user\desktop\inf1010\tp5\restaurant.cpp(71): error C2109: un indice requiert un type tableau ou pointeur
c:\users\user\desktop\inf1010\tp5\restaurant.cpp(102): error C2065: 'Menu' : identificateur non déclaré
c:\users\user\desktop\inf1010\tp5\restaurant.cpp(102): error C2065: 'menu' : identificateur non déclaré
c:\users\user\desktop\inf1010\tp5\restaurant.cpp(102): error C2039: 'getMenu' : n'est pas membre de 'Restaurant'
  c:\users\user\desktop\inf1010\tp5\restaurant.h(24): note: voir la déclaration de 'Restaurant'
c:\users\user\desktop\inf1010\tp5\restaurant.cpp(103): error C3861: 'getNomTypeMenu' : identificateur introuvable
c:\users\user\desktop\inf1010\tp5\restaurant.cpp(104): error C2065: 'menu' : identificateur non déclaré
c:\users\user\desktop\inf1010\tp5\restaurant.cpp(106): error C2065: 'menu' : identificateur non déclaré
c:\users\user\desktop\inf1010\tp5\restaurant.cpp(112): error C2146: erreur de syntaxe : absence de ')' avant l'identificateur 'nom'
c:\users\user\desktop\inf1010\tp5\restaurant.cpp(113): error C2143: erreur de syntaxe : absence de ';' avant '{'
c:\users\user\desktop\inf1010\tp5\restaurant.cpp(113): error C2447: '{' : en-tête de fonction manquant (liste formelle à l'ancien format ?)
c:\users\user\desktop\inf1010\tp5\restaurant.cpp(130): error C2660: 'LectureFichierEnSections::allerASection' : la fonction ne prend pas 1 arguments
  c:\users\user\desktop\inf1010\tp5\lecturefichierensections.h(18): note: voir la déclaration de 'LectureFichierEnSections::allerASection'
c:\users\user\desktop\inf1010\tp5\restaurant.cpp(159): error C2660: 'Restaurant::commanderPlat' : la fonction ne prend pas 2 arguments
  c:\users\user\desktop\inf1010\tp5\restaurant.h(58): note: voir la déclaration de 'Restaurant::commanderPlat'
c:\users\user\desktop\inf1010\tp5\restaurant.cpp(179): error C2143: erreur de syntaxe : absence de ';' avant '*'
c:\users\user\desktop\inf1010\tp5\restaurant.cpp(179): error C4430: spécificateur de type manquant - int est pris en compte par défaut. Remarque : C++ ne prend pas en charge int par défaut
c:\users\user\desktop\inf1010\tp5\restaurant.cpp(179): error C2039: 'getMenu' : n'est pas membre de 'Restaurant'
  c:\users\user\desktop\inf1010\tp5\restaurant.h(24): note: voir la déclaration de 'Restaurant'
c:\users\user\desktop\inf1010\tp5\restaurant.cpp(180): error C2270: 'getMenu' : modificateurs non autorisés sur les fonctions non membres
c:\users\user\desktop\inf1010\tp5\restaurant.cpp(180): error C4430: spécificateur de type manquant - int est pris en compte par défaut. Remarque : C++ ne prend pas en charge int par défaut
c:\users\user\desktop\inf1010\tp5\restaurant.cpp(180): error C2059: erreur de syntaxe : '{'
c:\users\user\desktop\inf1010\tp5\restaurant.cpp(180): error C2143: erreur de syntaxe : absence de ';' avant '{'
c:\users\user\desktop\inf1010\tp5\restaurant.cpp(180): error C2447: '{' : en-tête de fonction manquant (liste formelle à l'ancien format ?)
c:\users\user\desktop\inf1010\tp5\restaurant.cpp(190): error C2143: erreur de syntaxe : absence de ';' avant '*'
c:\users\user\desktop\inf1010\tp5\restaurant.cpp(190): error C4430: spécificateur de type manquant - int est pris en compte par défaut. Remarque : C++ ne prend pas en charge int par défaut
c:\users\user\desktop\inf1010\tp5\restaurant.cpp(190): error C2086: 'int Menu' : redéfinition
  c:\users\user\desktop\inf1010\tp5\restaurant.cpp(179): note: voir la déclaration de 'Menu'
c:\users\user\desktop\inf1010\tp5\restaurant.cpp(190): error C2039: 'menuActuel' : n'est pas membre de 'Restaurant'
  c:\users\user\desktop\inf1010\tp5\restaurant.h(24): note: voir la déclaration de 'Restaurant'
c:\users\user\desktop\inf1010\tp5\restaurant.cpp(191): error C2270: 'menuActuel' : modificateurs non autorisés sur les fonctions non membres
c:\users\user\desktop\inf1010\tp5\restaurant.cpp(191): error C4430: spécificateur de type manquant - int est pris en compte par défaut. Remarque : C++ ne prend pas en charge int par défaut
c:\users\user\desktop\inf1010\tp5\restaurant.cpp(191): error C2059: erreur de syntaxe : '{'
c:\users\user\desktop\inf1010\tp5\restaurant.cpp(191): error C2143: erreur de syntaxe : absence de ';' avant '{'
c:\users\user\desktop\inf1010\tp5\restaurant.cpp(191): error C2447: '{' : en-tête de fonction manquant (liste formelle à l'ancien format ?)
c:\users\user\desktop\inf1010\tp5\restaurant.cpp(206): error C2660: 'LectureFichierEnSections::allerASection' : la fonction ne prend pas 1 arguments
  c:\users\user\desktop\inf1010\tp5\lecturefichierensections.h(18): note: voir la déclaration de 'LectureFichierEnSections::allerASection'
c:\users\user\desktop\inf1010\tp5\restaurant.cpp(220): error C2398: Élément '1' : la conversion de 'int' en '_Elem' requiert une conversion restrictive
          with
          [
              _Elem=char
          ]
  Table.cpp
  string_view is only available with C++17 or later.
c:\users\user\desktop\inf1010\tp5\lecturefichierensections.h(18): error C2061: erreur de syntaxe : identificateur 'string_view'
c:\users\user\desktop\inf1010\tp5\def.h(6): error C4430: spécificateur de type manquant - int est pris en compte par défaut. Remarque : C++ ne prend pas en charge int par défaut
c:\users\user\desktop\inf1010\tp5\def.h(6): error C2146: erreur de syntaxe : absence de ';' avant l'identificateur 'nomsDesTypesDeMenu'
c:\users\user\desktop\inf1010\tp5\def.h(6): error C2440: 'initialisation' : impossible de convertir de 'const char [6]' en 'int'
  c:\users\user\desktop\inf1010\tp5\def.h(6): note: Aucun contexte dans lequel cette conversion est possible
c:\users\user\desktop\inf1010\tp5\def.h(6): error C2440: 'initialisation' : impossible de convertir de 'const char [5]' en 'int'
  c:\users\user\desktop\inf1010\tp5\def.h(6): note: Aucun contexte dans lequel cette conversion est possible
c:\users\user\desktop\inf1010\tp5\def.h(7): error C4430: spécificateur de type manquant - int est pris en compte par défaut. Remarque : C++ ne prend pas en charge int par défaut
c:\users\user\desktop\inf1010\tp5\def.h(7): error C2086: 'const int string_view' : redéfinition
  c:\users\user\desktop\inf1010\tp5\def.h(6): note: voir la déclaration de 'string_view'
c:\users\user\desktop\inf1010\tp5\def.h(7): error C2146: erreur de syntaxe : absence de ';' avant l'identificateur 'entetesDesTypesDeMenu'
c:\users\user\desktop\inf1010\tp5\def.h(7): error C2440: 'initialisation' : impossible de convertir de 'const char [7]' en 'int'
  c:\users\user\desktop\inf1010\tp5\def.h(7): note: Aucun contexte dans lequel cette conversion est possible
c:\users\user\desktop\inf1010\tp5\def.h(7): error C2440: 'initialisation' : impossible de convertir de 'const char [6]' en 'int'
  c:\users\user\desktop\inf1010\tp5\def.h(7): note: Aucun contexte dans lequel cette conversion est possible
c:\users\user\desktop\inf1010\tp5\plat.h(20): error C2061: erreur de syntaxe : identificateur 'string_view'
c:\users\user\desktop\inf1010\tp5\client.h(19): error C2061: erreur de syntaxe : identificateur 'string_view'
c:\users\user\desktop\inf1010\tp5\client.h(19): error C2535: 'Client::Client(void)' : fonction membre déjà définie ou déclarée
  c:\users\user\desktop\inf1010\tp5\client.h(18): note: voir la déclaration de 'Client::Client'
  Génération de code en cours...
