c:\users\user\desktop\inf1010\tp5\tp5\debug\vc141.pdb
c:\users\user\desktop\inf1010\tp5\tp5\debug\vc141.idb
c:\users\user\desktop\inf1010\tp5\tp5\debug\restaurant.obj
c:\users\user\desktop\inf1010\tp5\tp5\debug\gestionnairetables.obj
c:\users\user\desktop\inf1010\tp5\tp5\debug\gestionnaireplats.obj
c:\users\user\desktop\inf1010\tp5\tp5\debug\main.obj
c:\users\user\desktop\inf1010\tp5\tp5\debug\table.obj
c:\users\user\desktop\inf1010\tp5\tp5\debug\platvege.obj
c:\users\user\desktop\inf1010\tp5\tp5\debug\platbiovege.obj
c:\users\user\desktop\inf1010\tp5\tp5\debug\platbio.obj
c:\users\user\desktop\inf1010\tp5\tp5\debug\plat.obj
c:\users\user\desktop\inf1010\tp5\tp5\debug\menu.obj
c:\users\user\desktop\inf1010\tp5\tp5\debug\lecturefichierensections.obj
c:\users\user\desktop\inf1010\tp5\tp5\debug\clientregulier.obj
c:\users\user\desktop\inf1010\tp5\tp5\debug\clientprestige.obj
c:\users\user\desktop\inf1010\tp5\tp5\debug\clientoccasionnel.obj
c:\users\user\desktop\inf1010\tp5\tp5\debug\client.obj
c:\users\user\desktop\inf1010\tp5\tp5\debug\vege.obj
c:\users\user\desktop\inf1010\tp5\tp5\debug\boisson.obj
c:\users\user\desktop\inf1010\tp5\debug\tp5.exe
c:\users\user\desktop\inf1010\tp5\debug\tp5.ilk
c:\users\user\desktop\inf1010\tp5\debug\tp5.pdb
c:\users\user\desktop\inf1010\tp5\tp5\debug\main.obj.enc
c:\users\user\desktop\inf1010\tp5\tp5\debug\tp5.tlog\cl.command.1.tlog
c:\users\user\desktop\inf1010\tp5\tp5\debug\tp5.tlog\cl.read.1.tlog
c:\users\user\desktop\inf1010\tp5\tp5\debug\tp5.tlog\cl.write.1.tlog
c:\users\user\desktop\inf1010\tp5\tp5\debug\tp5.tlog\link.command.1.tlog
c:\users\user\desktop\inf1010\tp5\tp5\debug\tp5.tlog\link.read.1.tlog
c:\users\user\desktop\inf1010\tp5\tp5\debug\tp5.tlog\link.write.1.tlog
